This is XeTeX, Version 3.141592653-2.6-0.999997 (MiKTeX 25.4) (preloaded format=xelatex 2025.6.18)  4 SEP 2025 14:27
entering extended mode
 restricted \write18 enabled.
 %&-line parsing enabled.
**c:/Users/Guilherme-PC/Documents/Estatistica/lista1/lista1.tex
(c:/Users/Guilherme-PC/Documents/Estatistica/lista1/lista1.tex
LaTeX2e <2025-06-01>
L3 programming layer <2025-05-26>

(C:\Users\Guilherme-PC\AppData\Local\Programs\MiKTeX\tex/latex/base\article.cls
Document Class: article 2025/01/22 v1.4n Standard LaTeX document class
(C:\Users\Guilherme-PC\AppData\Local\Programs\MiKTeX\tex/latex/base\size10.clo
File: size10.clo 2025/01/22 v1.4n Standard LaTeX file (size option)
)
\c@part=\count271
\c@section=\count272
\c@subsection=\count273
\c@subsubsection=\count274
\c@paragraph=\count275
\c@subparagraph=\count276
\c@figure=\count277
\c@table=\count278
\abovecaptionskip=\skip49
\belowcaptionskip=\skip50
\bibindent=\dimen148
)
(C:\Users\Guilherme-PC\AppData\Local\Programs\MiKTeX\tex/latex/listings\listing
s.sty
(C:\Users\Guilherme-PC\AppData\Local\Programs\MiKTeX\tex/latex/graphics\keyval.
sty
Package: keyval 2022/05/29 v1.15 key=value parser (DPC)
\KV@toks@=\toks17
)
\lst@mode=\count279
\lst@gtempboxa=\box53
\lst@token=\toks18
\lst@length=\count280
\lst@currlwidth=\dimen149
\lst@column=\count281
\lst@pos=\count282
\lst@lostspace=\dimen150
\lst@width=\dimen151
\lst@newlines=\count283
\lst@lineno=\count284
\lst@maxwidth=\dimen152

(C:\Users\Guilherme-PC\AppData\Local\Programs\MiKTeX\tex/latex/listings\lstpatc
h.sty
File: lstpatch.sty 2024/09/23 1.10c (Carsten Heinz)
)
(C:\Users\Guilherme-PC\AppData\Local\Programs\MiKTeX\tex/latex/listings\lstmisc
.sty
File: lstmisc.sty 2024/09/23 1.10c (Carsten Heinz)
\c@lstnumber=\count285
\lst@skipnumbers=\count286
\lst@framebox=\box54
)
(C:\Users\Guilherme-PC\AppData\Local\Programs\MiKTeX\tex/latex/listings\listing
s.cfg
File: listings.cfg 2024/09/23 1.10c listings configuration
))
Package: listings 2024/09/23 1.10c (Carsten Heinz)

(C:\Users\Guilherme-PC\AppData\Local\Programs\MiKTeX\tex/latex/xcolor\xcolor.st
y
Package: xcolor 2024/09/29 v3.02 LaTeX color extensions (UK)

(C:\Users\Guilherme-PC\AppData\Local\Programs\MiKTeX\tex/latex/graphics-cfg\col
or.cfg
File: color.cfg 2016/01/02 v1.6 sample color configuration
)
Package xcolor Info: Driver file: xetex.def on input line 274.

(C:\Users\Guilherme-PC\AppData\Local\Programs\MiKTeX\tex/latex/graphics-def\xet
ex.def
File: xetex.def 2022/09/22 v5.0n Graphics/color driver for xetex
)
(C:\Users\Guilherme-PC\AppData\Local\Programs\MiKTeX\tex/latex/graphics\mathcol
or.ltx)
Package xcolor Info: Model `cmy' substituted by `cmy0' on input line 1349.
Package xcolor Info: Model `RGB' extended on input line 1365.
Package xcolor Info: Model `HTML' substituted by `rgb' on input line 1367.
Package xcolor Info: Model `Hsb' substituted by `hsb' on input line 1368.
Package xcolor Info: Model `tHsb' substituted by `hsb' on input line 1369.
Package xcolor Info: Model `HSB' substituted by `hsb' on input line 1370.
Package xcolor Info: Model `Gray' substituted by `gray' on input line 1371.
Package xcolor Info: Model `wave' substituted by `hsb' on input line 1372.
)
(C:\Users\Guilherme-PC\AppData\Local\Programs\MiKTeX\tex/latex/listings\lstlang
1.sty
File: lstlang1.sty 2024/09/23 1.10c listings language file
)
(C:\Users\Guilherme-PC\AppData\Local\Programs\MiKTeX\tex/latex/listings\lstlang
2.sty
File: lstlang2.sty 2024/09/23 1.10c listings language file
)
(C:\Users\Guilherme-PC\AppData\Local\Programs\MiKTeX\tex/latex/listings\lstlang
3.sty
File: lstlang3.sty 2024/09/23 1.10c listings language file
)
(C:\Users\Guilherme-PC\AppData\Local\Programs\MiKTeX\tex/latex/graphics\graphic
x.sty
Package: graphicx 2024/12/31 v1.2e Enhanced LaTeX Graphics (DPC,SPQR)

(C:\Users\Guilherme-PC\AppData\Local\Programs\MiKTeX\tex/latex/graphics\graphic
s.sty
Package: graphics 2024/08/06 v1.4g Standard LaTeX Graphics (DPC,SPQR)

(C:\Users\Guilherme-PC\AppData\Local\Programs\MiKTeX\tex/latex/graphics\trig.st
y
Package: trig 2023/12/02 v1.11 sin cos tan (DPC)
)
(C:\Users\Guilherme-PC\AppData\Local\Programs\MiKTeX\tex/latex/graphics-cfg\gra
phics.cfg
File: graphics.cfg 2016/06/04 v1.11 sample graphics configuration
)
Package graphics Info: Driver file: xetex.def on input line 106.
)
\Gin@req@height=\dimen153
\Gin@req@width=\dimen154
)
(C:\Users\Guilherme-PC\AppData\Local\Programs\MiKTeX\tex/latex/l3backend\l3back
end-xetex.def
File: l3backend-xetex.def 2025-04-14 L3 backend support: XeTeX
\g__graphics_track_int=\count287
\g__pdfannot_backend_int=\count288
\g__pdfannot_backend_link_int=\count289
)
(c:\Users\Guilherme-PC\Documents\Estatistica\lista1\build\lista1.aux)
\openout1 = `lista1.aux'.

LaTeX Font Info:    Checking defaults for OML/cmm/m/it on input line 22.
LaTeX Font Info:    ... okay on input line 22.
LaTeX Font Info:    Checking defaults for OMS/cmsy/m/n on input line 22.
LaTeX Font Info:    ... okay on input line 22.
LaTeX Font Info:    Checking defaults for OT1/cmr/m/n on input line 22.
LaTeX Font Info:    ... okay on input line 22.
LaTeX Font Info:    Checking defaults for T1/cmr/m/n on input line 22.
LaTeX Font Info:    ... okay on input line 22.
LaTeX Font Info:    Checking defaults for TS1/cmr/m/n on input line 22.
LaTeX Font Info:    ... okay on input line 22.
LaTeX Font Info:    Checking defaults for TU/lmr/m/n on input line 22.
LaTeX Font Info:    ... okay on input line 22.
LaTeX Font Info:    Checking defaults for OMX/cmex/m/n on input line 22.
LaTeX Font Info:    ... okay on input line 22.
LaTeX Font Info:    Checking defaults for U/cmr/m/n on input line 22.
LaTeX Font Info:    ... okay on input line 22.
\c@lstlisting=\count290
LaTeX Font Info:    External font `cmex10' loaded for size
(Font)              <12> on input line 24.
LaTeX Font Info:    External font `cmex10' loaded for size
(Font)              <8> on input line 24.
LaTeX Font Info:    External font `cmex10' loaded for size
(Font)              <6> on input line 24.
LaTeX Font Info:    External font `cmex10' loaded for size
(Font)              <7> on input line 31.
LaTeX Font Info:    External font `cmex10' loaded for size
(Font)              <5> on input line 31.


[1

]
File: figures/p1.png Graphic file (type bmp)
<figures/p1.png>


[2]
File: figures/p2.png Graphic file (type bmp)
<figures/p2.png>


[3]

[4]
File: figures/ex3.png Graphic file (type bmp)
<figures/ex3.png>


LaTeX Warning: `h' float specifier changed to `ht'.

File: figures/bp_ex3.png Graphic file (type bmp)
<figures/bp_ex3.png>

LaTeX Warning: `h' float specifier changed to `ht'.



[5]

[6]

[7] (c:\Users\Guilherme-PC\Documents\Estatistica\lista1\build\lista1.aux)
 ***********
LaTeX2e <2025-06-01>
L3 programming layer <2025-05-26>
 ***********


LaTeX Warning: Label(s) may have changed. Rerun to get cross-references right.

 ) 
Here is how much of TeX's memory you used:
 3440 strings out of 403341
 49995 string characters out of 5461672
 953390 words of memory out of 5000000
 31786 multiletter control sequences out of 15000+600000
 629633 words of font info for 58 fonts, out of 8000000 for 9000
 1348 hyphenation exceptions out of 8191
 57i,6n,65p,996b,1705s stack positions out of 10000i,1000n,20000p,200000b,200000s

Output written on c:\Users\Guilherme-PC\Documents\Estatistica\lista1\build\list
a1.pdf (7 pages).
